g:\opengl\beginopengl\opengltutorial\enviromalopengl\debug\vc120.pdb
g:\opengl\beginopengl\opengltutorial\enviromalopengl\debug\vc120.idb
g:\opengl\beginopengl\opengltutorial\enviromalopengl\debug\shader.obj
g:\opengl\beginopengl\opengltutorial\enviromalopengl\debug\source.obj
g:\opengl\beginopengl\opengltutorial\debug\enviromalopengl.pdb
g:\opengl\beginopengl\opengltutorial\enviromalopengl\debug\enviromalopengl.tlog\cl.command.1.tlog
g:\opengl\beginopengl\opengltutorial\enviromalopengl\debug\enviromalopengl.tlog\cl.read.1.tlog
g:\opengl\beginopengl\opengltutorial\enviromalopengl\debug\enviromalopengl.tlog\cl.write.1.tlog
g:\opengl\beginopengl\opengltutorial\enviromalopengl\debug\enviromalopengl.tlog\link-cvtres.read.1.tlog
g:\opengl\beginopengl\opengltutorial\enviromalopengl\debug\enviromalopengl.tlog\link-cvtres.write.1.tlog
g:\opengl\beginopengl\opengltutorial\enviromalopengl\debug\enviromalopengl.tlog\link-rc.read.1.tlog
g:\opengl\beginopengl\opengltutorial\enviromalopengl\debug\enviromalopengl.tlog\link-rc.write.1.tlog
g:\opengl\beginopengl\opengltutorial\enviromalopengl\debug\enviromalopengl.tlog\link.3212-cvtres.read.1.tlog
g:\opengl\beginopengl\opengltutorial\enviromalopengl\debug\enviromalopengl.tlog\link.3212-cvtres.write.1.tlog
g:\opengl\beginopengl\opengltutorial\enviromalopengl\debug\enviromalopengl.tlog\link.3212-rc.read.1.tlog
g:\opengl\beginopengl\opengltutorial\enviromalopengl\debug\enviromalopengl.tlog\link.3212-rc.write.1.tlog
g:\opengl\beginopengl\opengltutorial\enviromalopengl\debug\enviromalopengl.tlog\link.3212.read.1.tlog
g:\opengl\beginopengl\opengltutorial\enviromalopengl\debug\enviromalopengl.tlog\link.3212.write.1.tlog
g:\opengl\beginopengl\opengltutorial\enviromalopengl\debug\enviromalopengl.tlog\link.command.1.tlog
g:\opengl\beginopengl\opengltutorial\enviromalopengl\debug\enviromalopengl.tlog\link.read.1.tlog
g:\opengl\beginopengl\opengltutorial\enviromalopengl\debug\enviromalopengl.tlog\link.write.1.tlog
