Build started 7/31/2018 2:06:56 PM.
     1>Project "G:\OpenGL\GameOpenGL\OpenGLTutorial\EnviromalOpenGL\EnviromalOpenGL.vcxproj" on node 2 (Build target(s)).
     1>ClCompile:
         C:\Program Files (x86)\Microsoft Visual Studio 12.0\VC\bin\CL.exe /c /IG:\OpenGL\GameOpenGL\OpenGLTutorial\EnviromalOpenGL\\include /I"C:\Program Files (x86)\Visual Leak Detector\include" /ZI /nologo /W3 /WX- /sdl /Od /Oy- /D WIN32 /D _DEBUG /D _CONSOLE /D _LIB /D _UNICODE /D UNICODE /Gm /EHsc /RTC1 /MDd /GS /fp:precise /Zc:wchar_t /Zc:forScope /Fo"Debug\\" /Fd"Debug\vc120.pdb" /Gd /TP /analyze- /errorReport:prompt src\Source.cpp
         Source.cpp
     1>g:\opengl\gameopengl\opengltutorial\enviromalopengl\src\source.cpp(254): warning C4244: 'initializing' : conversion from 'double' to 'GLfloat', possible loss of data
     1>g:\opengl\gameopengl\opengltutorial\enviromalopengl\src\source.cpp(288): warning C4244: '=' : conversion from 'double' to 'float', possible loss of data
     1>g:\opengl\gameopengl\opengltutorial\enviromalopengl\src\source.cpp(289): warning C4244: '=' : conversion from 'double' to 'float', possible loss of data
     1>g:\opengl\gameopengl\opengltutorial\enviromalopengl\src\source.cpp(290): warning C4244: '=' : conversion from 'double' to 'float', possible loss of data
     1>g:\opengl\gameopengl\opengltutorial\enviromalopengl\src\source.cpp(419): warning C4244: '=' : conversion from 'double' to 'GLfloat', possible loss of data
     1>g:\opengl\gameopengl\opengltutorial\enviromalopengl\src\source.cpp(420): warning C4244: '=' : conversion from 'double' to 'GLfloat', possible loss of data
     1>g:\opengl\gameopengl\opengltutorial\enviromalopengl\src\source.cpp(424): warning C4244: 'initializing' : conversion from 'double' to 'GLfloat', possible loss of data
     1>g:\opengl\gameopengl\opengltutorial\enviromalopengl\src\source.cpp(425): warning C4244: 'initializing' : conversion from 'double' to 'GLfloat', possible loss of data
     1>g:\opengl\gameopengl\opengltutorial\enviromalopengl\src\source.cpp(426): warning C4244: '=' : conversion from 'double' to 'GLfloat', possible loss of data
     1>g:\opengl\gameopengl\opengltutorial\enviromalopengl\src\source.cpp(427): warning C4244: '=' : conversion from 'double' to 'GLfloat', possible loss of data
     1>g:\opengl\gameopengl\opengltutorial\enviromalopengl\src\source.cpp(439): warning C4244: 'argument' : conversion from 'double' to 'GLfloat', possible loss of data
       Link:
         C:\Program Files (x86)\Microsoft Visual Studio 12.0\VC\bin\link.exe /ERRORREPORT:PROMPT /OUT:"G:\OpenGL\GameOpenGL\OpenGLTutorial\Debug\EnviromalOpenGL.exe" /INCREMENTAL /NOLOGO /LIBPATH:G:\OpenGL\GameOpenGL\OpenGLTutorial\EnviromalOpenGL\\lib /LIBPATH:"C:\Program Files (x86)\Visual Leak Detector\lib\Win32" kernel32.lib user32.lib gdi32.lib winspool.lib comdlg32.lib advapi32.lib shell32.lib ole32.lib oleaut32.lib uuid.lib odbc32.lib odbccp32.lib glew32s.lib glfw3.lib glfw3dll.lib GLU32.LIB glut32.lib OPENGL32.LIB SOIL.lib kernel32.lib user32.lib gdi32.lib winspool.lib comdlg32.lib advapi32.lib shell32.lib ole32.lib oleaut32.lib uuid.lib odbc32.lib odbccp32.lib /MANIFEST /MANIFESTUAC:"level='asInvoker' uiAccess='false'" /manifest:embed /DEBUG /PDB:"G:\OpenGL\GameOpenGL\OpenGLTutorial\Debug\EnviromalOpenGL.pdb" /SUBSYSTEM:CONSOLE /TLBID:1 /DYNAMICBASE /NXCOMPAT /IMPLIB:"G:\OpenGL\GameOpenGL\OpenGLTutorial\Debug\EnviromalOpenGL.lib" /MACHINE:X86 Debug\Shader.obj
         Debug\Source.obj
     1>LINK : warning LNK4098: defaultlib 'LIBCMT' conflicts with use of other libs; use /NODEFAULTLIB:library
     1>LINK : warning LNK4098: defaultlib 'MSVCRT' conflicts with use of other libs; use /NODEFAULTLIB:library
     1>Shader.obj : warning LNK4049: locally defined symbol ___glewAttachShader imported
     1>Shader.obj : warning LNK4049: locally defined symbol ___glewCompileShader imported
     1>Shader.obj : warning LNK4049: locally defined symbol ___glewCreateProgram imported
     1>Shader.obj : warning LNK4049: locally defined symbol ___glewCreateShader imported
     1>Shader.obj : warning LNK4049: locally defined symbol ___glewDeleteShader imported
     1>Shader.obj : warning LNK4049: locally defined symbol ___glewGetProgramInfoLog imported
     1>Shader.obj : warning LNK4049: locally defined symbol ___glewGetProgramiv imported
     1>Shader.obj : warning LNK4049: locally defined symbol ___glewGetShaderInfoLog imported
     1>Shader.obj : warning LNK4049: locally defined symbol ___glewGetShaderiv imported
     1>Shader.obj : warning LNK4049: locally defined symbol ___glewGetUniformLocation imported
     1>Shader.obj : warning LNK4049: locally defined symbol ___glewLinkProgram imported
     1>Shader.obj : warning LNK4049: locally defined symbol ___glewShaderSource imported
     1>Shader.obj : warning LNK4049: locally defined symbol ___glewUseProgram imported
     1>glew32s.lib(glew.obj) : warning LNK4099: PDB 'vc120.pdb' was not found with 'glew32s.lib(glew.obj)' or at 'G:\OpenGL\GameOpenGL\OpenGLTutorial\Debug\vc120.pdb'; linking object as if no debug info
         EnviromalOpenGL.vcxproj -> G:\OpenGL\GameOpenGL\OpenGLTutorial\Debug\EnviromalOpenGL.exe
     1>Done Building Project "G:\OpenGL\GameOpenGL\OpenGLTutorial\EnviromalOpenGL\EnviromalOpenGL.vcxproj" (Build target(s)).

Build succeeded.

Time Elapsed 00:00:01.20
